2018-01-19 16:11:07,347 begin nitify ..... 
2018-01-19 16:11:07,347 send_date:{"header": {"system_time": 1422263479031, "version": 1, "auth_code": "345C51A23487E33CC0E72601B855C1F2", "imei": "046097B8690EA0D2DDFC76CA05D957C8", "ua": {"trader": "mining_p"}, "user_name": "15699885506", "user_type": 1, "key_code": "1B1D9D39F50EE4302D65A3438FD43067"}, "request_data": {"list": [{"code": "02139", "lclose": 2.69, "exchange": "HKEX"}]}}
2018-01-19 16:11:07,359 response:{
  "header" : {
    "version" : 1,
    "imei" : "046097B8690EA0D2DDFC76CA05D957C8",
    "user_type" : 1,
    "user_name" : "15699885506",
    "system_time" : 1516349467442,
    "response_code" : 0,
    "ua" : {
      "trader" : "mining_p"
    }
  }
}
2018-01-19 16:11:07,359 end nitify ..... 
2018-01-19 16:11:15,769 begin nitify ..... 
2018-01-19 16:11:15,769 send_date:{"header": {"system_time": 1422263479031, "version": 1, "auth_code": "345C51A23487E33CC0E72601B855C1F2", "imei": "046097B8690EA0D2DDFC76CA05D957C8", "ua": {"trader": "mining_p"}, "user_name": "15699885506", "user_type": 1, "key_code": "1B1D9D39F50EE4302D65A3438FD43067"}, "request_data": {"list": [{"code": "02683", "lclose": 1.18, "exchange": "HKEX"}]}}
2018-01-19 16:11:15,781 response:{
  "header" : {
    "version" : 1,
    "imei" : "046097B8690EA0D2DDFC76CA05D957C8",
    "user_type" : 1,
    "user_name" : "15699885506",
    "system_time" : 1516349475864,
    "response_code" : 0,
    "ua" : {
      "trader" : "mining_p"
    }
  }
}
2018-01-19 16:11:15,781 end nitify ..... 
2018-01-19 16:11:23,228 begin nitify ..... 
2018-01-19 16:11:23,228 send_date:{"header": {"system_time": 1422263479031, "version": 1, "auth_code": "345C51A23487E33CC0E72601B855C1F2", "imei": "046097B8690EA0D2DDFC76CA05D957C8", "ua": {"trader": "mining_p"}, "user_name": "15699885506", "user_type": 1, "key_code": "1B1D9D39F50EE4302D65A3438FD43067"}, "request_data": {"list": [{"code": "08487", "lclose": 0.35, "exchange": "HKEX"}]}}
2018-01-19 16:11:23,239 response:{
  "header" : {
    "version" : 1,
    "imei" : "046097B8690EA0D2DDFC76CA05D957C8",
    "user_type" : 1,
    "user_name" : "15699885506",
    "system_time" : 1516349483322,
    "response_code" : 0,
    "ua" : {
      "trader" : "mining_p"
    }
  }
}
2018-01-19 16:11:23,239 end nitify ..... 
2018-01-23 14:34:16,846 begin nitify ..... 
2018-01-23 14:34:16,846 send_date:{"header": {"system_time": 1422263479031, "version": 1, "auth_code": "345C51A23487E33CC0E72601B855C1F2", "imei": "046097B8690EA0D2DDFC76CA05D957C8", "ua": {"trader": "mining_p"}, "user_name": "15699885506", "user_type": 1, "key_code": "1B1D9D39F50EE4302D65A3438FD43067"}, "request_data": {"list": [{"code": "", "lclose": 0, "exchange": "HKEX"}]}}
2018-01-23 14:34:17,591 response:{
  "header" : {
    "version" : 1,
    "imei" : "046097B8690EA0D2DDFC76CA05D957C8",
    "user_type" : 1,
    "user_name" : "15699885506",
    "system_time" : 1516689257624,
    "response_code" : 10099,
    "ua" : {
      "trader" : "mining_p"
    }
  }
}
2018-01-23 14:34:17,592 end nitify ..... 
2018-01-24 13:08:41,076 begin nitify ..... 
2018-01-24 13:08:41,076 send_date:{"header": {"system_time": 1422263479031, "version": 1, "auth_code": "345C51A23487E33CC0E72601B855C1F2", "imei": "046097B8690EA0D2DDFC76CA05D957C8", "ua": {"trader": "mining_p"}, "user_name": "15699885506", "user_type": 1, "key_code": "1B1D9D39F50EE4302D65A3438FD43067"}, "request_data": {"list": [{"code": "", "lclose": 0, "exchange": "HKEX"}]}}
2018-01-24 13:08:41,488 response:{
  "header" : {
    "version" : 1,
    "imei" : "046097B8690EA0D2DDFC76CA05D957C8",
    "user_type" : 1,
    "user_name" : "15699885506",
    "system_time" : 1516770521504,
    "response_code" : 10099,
    "ua" : {
      "trader" : "mining_p"
    }
  }
}
2018-01-24 13:08:41,488 end nitify ..... 
2018-01-24 17:36:04,520 begin nitify ..... 
2018-01-24 17:36:04,520 send_date:{"header": {"system_time": 1422263479031, "version": 1, "auth_code": "345C51A23487E33CC0E72601B855C1F2", "imei": "046097B8690EA0D2DDFC76CA05D957C8", "ua": {"trader": "mining_p"}, "user_name": "15699885506", "user_type": 1, "key_code": "1B1D9D39F50EE4302D65A3438FD43067"}, "request_data": {"list": [{"code": "", "lclose": 0, "exchange": "HKEX"}]}}
2018-01-24 17:36:04,552 response:{
  "header" : {
    "version" : 1,
    "imei" : "046097B8690EA0D2DDFC76CA05D957C8",
    "user_type" : 1,
    "user_name" : "15699885506",
    "system_time" : 1516786564600,
    "response_code" : 10099,
    "ua" : {
      "trader" : "mining_p"
    }
  }
}
2018-01-24 17:36:04,552 end nitify ..... 
2018-01-25 13:02:24,032 begin nitify ..... 
2018-01-25 13:02:24,032 requrl=http://192.168.2.218:8080/MiningStock/stock/updateHKNewStock
2018-01-25 13:02:24,032 send_date:{"header": {"system_time": 1422263479031, "version": 1, "auth_code": "345C51A23487E33CC0E72601B855C1F2", "imei": "046097B8690EA0D2DDFC76CA05D957C8", "ua": {"trader": "mining_p"}, "user_name": "15699885506", "user_type": 1, "key_code": "1B1D9D39F50EE4302D65A3438FD43067"}, "request_data": {"list": [{"code": "08136", "lclose": 0.21, "exchange": "HKEX"}]}}
2018-01-25 13:02:24,049 response:{
  "header" : {
    "version" : 1,
    "imei" : "046097B8690EA0D2DDFC76CA05D957C8",
    "user_type" : 1,
    "user_name" : "15699885506",
    "system_time" : 1516856544115,
    "response_code" : 0,
    "ua" : {
      "trader" : "mining_p"
    }
  }
}
2018-01-25 13:02:24,049 end nitify ..... 
2018-01-25 13:02:29,833 begin nitify ..... 
2018-01-25 13:02:29,834 requrl=http://192.168.2.218:8080/MiningStock/stock/updateHKNewStock
2018-01-25 13:02:29,834 send_date:{"header": {"system_time": 1422263479031, "version": 1, "auth_code": "345C51A23487E33CC0E72601B855C1F2", "imei": "046097B8690EA0D2DDFC76CA05D957C8", "ua": {"trader": "mining_p"}, "user_name": "15699885506", "user_type": 1, "key_code": "1B1D9D39F50EE4302D65A3438FD43067"}, "request_data": {"list": [{"code": "08136", "lclose": 0.25, "exchange": "HKEX"}]}}
2018-01-25 13:02:29,848 response:{
  "header" : {
    "version" : 1,
    "imei" : "046097B8690EA0D2DDFC76CA05D957C8",
    "user_type" : 1,
    "user_name" : "15699885506",
    "system_time" : 1516856549914,
    "response_code" : 0,
    "ua" : {
      "trader" : "mining_p"
    }
  }
}
2018-01-25 13:02:29,848 end nitify ..... 
2018-01-25 13:42:14,302 begin nitify ..... 
2018-01-25 13:42:14,303 requrl=http://192.168.2.218:8080/MiningStock/stock/updateHKNewStock
2018-01-25 13:42:14,303 send_date:{"header": {"system_time": 1422263479031, "version": 1, "auth_code": "345C51A23487E33CC0E72601B855C1F2", "imei": "046097B8690EA0D2DDFC76CA05D957C8", "ua": {"trader": "mining_p"}, "user_name": "15699885506", "user_type": 1, "key_code": "1B1D9D39F50EE4302D65A3438FD43067"}, "request_data": {"list": [{"code": "", "lclose": 0, "exchange": "HKEX"}]}}
2018-01-25 13:42:14,308 response:{
  "header" : {
    "version" : 1,
    "imei" : "046097B8690EA0D2DDFC76CA05D957C8",
    "user_type" : 1,
    "user_name" : "15699885506",
    "system_time" : 1516858934380,
    "response_code" : 10099,
    "ua" : {
      "trader" : "mining_p"
    }
  }
}
2018-01-25 13:42:14,308 end nitify ..... 
2018-01-25 16:46:09,462 begin nitify ..... 
2018-01-25 16:46:09,462 requrl=http://192.168.2.218:8080/MiningStock/stock/updateHKNewStock
2018-01-25 16:46:09,462 send_date:{"header": {"system_time": 1422263479031, "version": 1, "auth_code": "345C51A23487E33CC0E72601B855C1F2", "imei": "046097B8690EA0D2DDFC76CA05D957C8", "ua": {"trader": "mining_p"}, "user_name": "15699885506", "user_type": 1, "key_code": "1B1D9D39F50EE4302D65A3438FD43067"}, "request_data": {"list": [{"code": "", "lclose": 0, "exchange": "HKEX"}]}}
2018-01-25 16:46:09,468 response:{
  "header" : {
    "version" : 1,
    "imei" : "046097B8690EA0D2DDFC76CA05D957C8",
    "user_type" : 1,
    "user_name" : "15699885506",
    "system_time" : 1516869969566,
    "response_code" : 10099,
    "ua" : {
      "trader" : "mining_p"
    }
  }
}
2018-01-25 16:46:09,468 end nitify ..... 
2018-01-25 16:46:11,720 begin nitify ..... 
2018-01-25 16:46:11,720 requrl=http://192.168.2.218:8080/MiningStock/stock/updateHKNewStock
2018-01-25 16:46:11,720 send_date:{"header": {"system_time": 1422263479031, "version": 1, "auth_code": "345C51A23487E33CC0E72601B855C1F2", "imei": "046097B8690EA0D2DDFC76CA05D957C8", "ua": {"trader": "mining_p"}, "user_name": "15699885506", "user_type": 1, "key_code": "1B1D9D39F50EE4302D65A3438FD43067"}, "request_data": {"list": [{"code": "", "lclose": 0, "exchange": "HKEX"}]}}
2018-01-25 16:46:11,726 response:{
  "header" : {
    "version" : 1,
    "imei" : "046097B8690EA0D2DDFC76CA05D957C8",
    "user_type" : 1,
    "user_name" : "15699885506",
    "system_time" : 1516869971824,
    "response_code" : 10099,
    "ua" : {
      "trader" : "mining_p"
    }
  }
}
2018-01-25 16:46:11,726 end nitify ..... 
2018-01-25 16:46:13,516 begin nitify ..... 
2018-01-25 16:46:13,516 requrl=http://192.168.2.218:8080/MiningStock/stock/updateHKNewStock
2018-01-25 16:46:13,517 send_date:{"header": {"system_time": 1422263479031, "version": 1, "auth_code": "345C51A23487E33CC0E72601B855C1F2", "imei": "046097B8690EA0D2DDFC76CA05D957C8", "ua": {"trader": "mining_p"}, "user_name": "15699885506", "user_type": 1, "key_code": "1B1D9D39F50EE4302D65A3438FD43067"}, "request_data": {"list": [{"code": "", "lclose": 0, "exchange": "HKEX"}]}}
2018-01-25 16:46:13,521 response:{
  "header" : {
    "version" : 1,
    "imei" : "046097B8690EA0D2DDFC76CA05D957C8",
    "user_type" : 1,
    "user_name" : "15699885506",
    "system_time" : 1516869973620,
    "response_code" : 10099,
    "ua" : {
      "trader" : "mining_p"
    }
  }
}
2018-01-25 16:46:13,522 end nitify ..... 
2018-01-25 16:46:14,926 begin nitify ..... 
2018-01-25 16:46:14,926 requrl=http://192.168.2.218:8080/MiningStock/stock/updateHKNewStock
2018-01-25 16:46:14,926 send_date:{"header": {"system_time": 1422263479031, "version": 1, "auth_code": "345C51A23487E33CC0E72601B855C1F2", "imei": "046097B8690EA0D2DDFC76CA05D957C8", "ua": {"trader": "mining_p"}, "user_name": "15699885506", "user_type": 1, "key_code": "1B1D9D39F50EE4302D65A3438FD43067"}, "request_data": {"list": [{"code": "", "lclose": 0, "exchange": "HKEX"}]}}
2018-01-25 16:46:14,931 response:{
  "header" : {
    "version" : 1,
    "imei" : "046097B8690EA0D2DDFC76CA05D957C8",
    "user_type" : 1,
    "user_name" : "15699885506",
    "system_time" : 1516869975030,
    "response_code" : 10099,
    "ua" : {
      "trader" : "mining_p"
    }
  }
}
2018-01-25 16:46:14,932 end nitify ..... 
2018-01-25 16:46:15,776 begin nitify ..... 
2018-01-25 16:46:15,776 requrl=http://192.168.2.218:8080/MiningStock/stock/updateHKNewStock
2018-01-25 16:46:15,776 send_date:{"header": {"system_time": 1422263479031, "version": 1, "auth_code": "345C51A23487E33CC0E72601B855C1F2", "imei": "046097B8690EA0D2DDFC76CA05D957C8", "ua": {"trader": "mining_p"}, "user_name": "15699885506", "user_type": 1, "key_code": "1B1D9D39F50EE4302D65A3438FD43067"}, "request_data": {"list": [{"code": "", "lclose": 0, "exchange": "HKEX"}]}}
2018-01-25 16:46:15,782 response:{
  "header" : {
    "version" : 1,
    "imei" : "046097B8690EA0D2DDFC76CA05D957C8",
    "user_type" : 1,
    "user_name" : "15699885506",
    "system_time" : 1516869975880,
    "response_code" : 10099,
    "ua" : {
      "trader" : "mining_p"
    }
  }
}
2018-01-25 16:46:15,782 end nitify ..... 
2018-01-25 16:46:16,554 begin nitify ..... 
2018-01-25 16:46:16,554 requrl=http://192.168.2.218:8080/MiningStock/stock/updateHKNewStock
2018-01-25 16:46:16,554 send_date:{"header": {"system_time": 1422263479031, "version": 1, "auth_code": "345C51A23487E33CC0E72601B855C1F2", "imei": "046097B8690EA0D2DDFC76CA05D957C8", "ua": {"trader": "mining_p"}, "user_name": "15699885506", "user_type": 1, "key_code": "1B1D9D39F50EE4302D65A3438FD43067"}, "request_data": {"list": [{"code": "", "lclose": 0, "exchange": "HKEX"}]}}
2018-01-25 16:46:16,558 response:{
  "header" : {
    "version" : 1,
    "imei" : "046097B8690EA0D2DDFC76CA05D957C8",
    "user_type" : 1,
    "user_name" : "15699885506",
    "system_time" : 1516869976657,
    "response_code" : 10099,
    "ua" : {
      "trader" : "mining_p"
    }
  }
}
2018-01-25 16:46:16,558 end nitify ..... 
2018-01-25 16:46:17,284 begin nitify ..... 
2018-01-25 16:46:17,285 requrl=http://192.168.2.218:8080/MiningStock/stock/updateHKNewStock
2018-01-25 16:46:17,285 send_date:{"header": {"system_time": 1422263479031, "version": 1, "auth_code": "345C51A23487E33CC0E72601B855C1F2", "imei": "046097B8690EA0D2DDFC76CA05D957C8", "ua": {"trader": "mining_p"}, "user_name": "15699885506", "user_type": 1, "key_code": "1B1D9D39F50EE4302D65A3438FD43067"}, "request_data": {"list": [{"code": "", "lclose": 0, "exchange": "HKEX"}]}}
2018-01-25 16:46:17,290 response:{
  "header" : {
    "version" : 1,
    "imei" : "046097B8690EA0D2DDFC76CA05D957C8",
    "user_type" : 1,
    "user_name" : "15699885506",
    "system_time" : 1516869977388,
    "response_code" : 10099,
    "ua" : {
      "trader" : "mining_p"
    }
  }
}
2018-01-25 16:46:17,290 end nitify ..... 
2018-01-25 16:46:17,831 begin nitify ..... 
2018-01-25 16:46:17,831 requrl=http://192.168.2.218:8080/MiningStock/stock/updateHKNewStock
2018-01-25 16:46:17,831 send_date:{"header": {"system_time": 1422263479031, "version": 1, "auth_code": "345C51A23487E33CC0E72601B855C1F2", "imei": "046097B8690EA0D2DDFC76CA05D957C8", "ua": {"trader": "mining_p"}, "user_name": "15699885506", "user_type": 1, "key_code": "1B1D9D39F50EE4302D65A3438FD43067"}, "request_data": {"list": [{"code": "", "lclose": 0, "exchange": "HKEX"}]}}
2018-01-25 16:46:17,836 response:{
  "header" : {
    "version" : 1,
    "imei" : "046097B8690EA0D2DDFC76CA05D957C8",
    "user_type" : 1,
    "user_name" : "15699885506",
    "system_time" : 1516869977935,
    "response_code" : 10099,
    "ua" : {
      "trader" : "mining_p"
    }
  }
}
2018-01-25 16:46:17,836 end nitify ..... 
2018-01-25 16:47:40,423 begin nitify ..... 
2018-01-25 16:47:40,423 requrl=http://192.168.2.218:8080/MiningStock/stock/updateHKNewStock
2018-01-25 16:47:40,423 send_date:{"header": {"system_time": 1422263479031, "version": 1, "auth_code": "345C51A23487E33CC0E72601B855C1F2", "imei": "046097B8690EA0D2DDFC76CA05D957C8", "ua": {"trader": "mining_p"}, "user_name": "15699885506", "user_type": 1, "key_code": "1B1D9D39F50EE4302D65A3438FD43067"}, "request_data": {"list": [{"code": "", "lclose": 0, "exchange": "HKEX"}]}}
2018-01-25 16:47:40,431 response:{
  "header" : {
    "version" : 1,
    "imei" : "046097B8690EA0D2DDFC76CA05D957C8",
    "user_type" : 1,
    "user_name" : "15699885506",
    "system_time" : 1516870060529,
    "response_code" : 10099,
    "ua" : {
      "trader" : "mining_p"
    }
  }
}
2018-01-25 16:47:40,431 end nitify ..... 
2018-01-25 16:47:44,066 begin nitify ..... 
2018-01-25 16:47:44,066 requrl=http://192.168.2.218:8080/MiningStock/stock/updateHKNewStock
2018-01-25 16:47:44,066 send_date:{"header": {"system_time": 1422263479031, "version": 1, "auth_code": "345C51A23487E33CC0E72601B855C1F2", "imei": "046097B8690EA0D2DDFC76CA05D957C8", "ua": {"trader": "mining_p"}, "user_name": "15699885506", "user_type": 1, "key_code": "1B1D9D39F50EE4302D65A3438FD43067"}, "request_data": {"list": [{"code": "", "lclose": 0, "exchange": "HKEX"}]}}
2018-01-25 16:47:44,072 response:{
  "header" : {
    "version" : 1,
    "imei" : "046097B8690EA0D2DDFC76CA05D957C8",
    "user_type" : 1,
    "user_name" : "15699885506",
    "system_time" : 1516870064170,
    "response_code" : 10099,
    "ua" : {
      "trader" : "mining_p"
    }
  }
}
2018-01-25 16:47:44,072 end nitify ..... 
2018-01-25 17:00:11,037 begin nitify ..... 
2018-01-25 17:00:11,037 requrl=http://192.168.2.218:8080/MiningStock/stock/updateHKNewStock
2018-01-25 17:00:11,037 send_date:{"header": {"system_time": 1422263479031, "version": 1, "auth_code": "345C51A23487E33CC0E72601B855C1F2", "imei": "046097B8690EA0D2DDFC76CA05D957C8", "ua": {"trader": "mining_p"}, "user_name": "15699885506", "user_type": 1, "key_code": "1B1D9D39F50EE4302D65A3438FD43067"}, "request_data": {"list": [{"code": "", "lclose": 0, "exchange": "HKEX"}]}}
2018-01-25 17:00:11,052 response:{
  "header" : {
    "version" : 1,
    "imei" : "046097B8690EA0D2DDFC76CA05D957C8",
    "user_type" : 1,
    "user_name" : "15699885506",
    "system_time" : 1516870811152,
    "response_code" : 10099,
    "ua" : {
      "trader" : "mining_p"
    }
  }
}
2018-01-25 17:00:11,052 end nitify ..... 
2018-01-25 17:03:45,384 begin nitify ..... 
2018-01-25 17:03:45,385 requrl=http://192.168.2.218:8080/MiningStock/stock/updateHKNewStock
2018-01-25 17:03:45,385 send_date:{"header": {"system_time": 1422263479031, "version": 1, "auth_code": "345C51A23487E33CC0E72601B855C1F2", "imei": "046097B8690EA0D2DDFC76CA05D957C8", "ua": {"trader": "mining_p"}, "user_name": "15699885506", "user_type": 1, "key_code": "1B1D9D39F50EE4302D65A3438FD43067"}, "request_data": {"list": [{"code": "", "lclose": 0, "exchange": "HKEX"}]}}
2018-01-25 17:03:45,393 response:{
  "header" : {
    "version" : 1,
    "imei" : "046097B8690EA0D2DDFC76CA05D957C8",
    "user_type" : 1,
    "user_name" : "15699885506",
    "system_time" : 1516871025494,
    "response_code" : 10099,
    "ua" : {
      "trader" : "mining_p"
    }
  }
}
2018-01-25 17:03:45,393 end nitify ..... 
2018-01-25 17:15:10,216 begin nitify ..... 
2018-01-25 17:15:10,216 requrl=http://192.168.2.218:8080/MiningStock/stock/updateHKNewStock
2018-01-25 17:15:10,216 send_date:{"header": {"system_time": 1422263479031, "version": 1, "auth_code": "345C51A23487E33CC0E72601B855C1F2", "imei": "046097B8690EA0D2DDFC76CA05D957C8", "ua": {"trader": "mining_p"}, "user_name": "15699885506", "user_type": 1, "key_code": "1B1D9D39F50EE4302D65A3438FD43067"}, "request_data": {"list": [{"code": "", "lclose": 0, "exchange": "HKEX"}]}}
2018-01-25 17:15:10,223 response:{
  "header" : {
    "version" : 1,
    "imei" : "046097B8690EA0D2DDFC76CA05D957C8",
    "user_type" : 1,
    "user_name" : "15699885506",
    "system_time" : 1516871710326,
    "response_code" : 10099,
    "ua" : {
      "trader" : "mining_p"
    }
  }
}
2018-01-25 17:15:10,224 end nitify ..... 
2018-01-25 17:31:33,723 begin nitify ..... 
2018-01-25 17:31:33,723 requrl=http://192.168.2.218:8080/MiningStock/stock/updateHKNewStock
2018-01-25 17:31:33,723 send_date:{"header": {"system_time": 1422263479031, "version": 1, "auth_code": "345C51A23487E33CC0E72601B855C1F2", "imei": "046097B8690EA0D2DDFC76CA05D957C8", "ua": {"trader": "mining_p"}, "user_name": "15699885506", "user_type": 1, "key_code": "1B1D9D39F50EE4302D65A3438FD43067"}, "request_data": {"list": [{"code": "", "lclose": 0, "exchange": "HKEX"}]}}
2018-01-25 17:31:33,730 response:{
  "header" : {
    "version" : 1,
    "imei" : "046097B8690EA0D2DDFC76CA05D957C8",
    "user_type" : 1,
    "user_name" : "15699885506",
    "system_time" : 1516872693834,
    "response_code" : 10099,
    "ua" : {
      "trader" : "mining_p"
    }
  }
}
2018-01-25 17:31:33,730 end nitify ..... 
2018-01-25 17:31:34,805 begin nitify ..... 
2018-01-25 17:31:34,806 requrl=http://192.168.2.218:8080/MiningStock/stock/updateHKNewStock
2018-01-25 17:31:34,806 send_date:{"header": {"system_time": 1422263479031, "version": 1, "auth_code": "345C51A23487E33CC0E72601B855C1F2", "imei": "046097B8690EA0D2DDFC76CA05D957C8", "ua": {"trader": "mining_p"}, "user_name": "15699885506", "user_type": 1, "key_code": "1B1D9D39F50EE4302D65A3438FD43067"}, "request_data": {"list": [{"code": "", "lclose": 0, "exchange": "HKEX"}]}}
2018-01-25 17:31:34,812 response:{
  "header" : {
    "version" : 1,
    "imei" : "046097B8690EA0D2DDFC76CA05D957C8",
    "user_type" : 1,
    "user_name" : "15699885506",
    "system_time" : 1516872694916,
    "response_code" : 10099,
    "ua" : {
      "trader" : "mining_p"
    }
  }
}
2018-01-25 17:31:34,812 end nitify ..... 
2018-01-25 17:39:28,804 begin nitify ..... 
2018-01-25 17:39:28,804 requrl=http://192.168.2.218:8080/MiningStock/stock/updateHKNewStock
2018-01-25 17:39:28,804 send_date:{"header": {"system_time": 1422263479031, "version": 1, "auth_code": "345C51A23487E33CC0E72601B855C1F2", "imei": "046097B8690EA0D2DDFC76CA05D957C8", "ua": {"trader": "mining_p"}, "user_name": "15699885506", "user_type": 1, "key_code": "1B1D9D39F50EE4302D65A3438FD43067"}, "request_data": {"list": [{"code": "", "lclose": 0, "exchange": "HKEX"}]}}
2018-01-25 17:39:28,811 response:{
  "header" : {
    "version" : 1,
    "imei" : "046097B8690EA0D2DDFC76CA05D957C8",
    "user_type" : 1,
    "user_name" : "15699885506",
    "system_time" : 1516873168917,
    "response_code" : 10099,
    "ua" : {
      "trader" : "mining_p"
    }
  }
}
2018-01-25 17:39:28,811 end nitify ..... 
