01711
08479
06182
08371
03699
08285
02292
06158
08313
08493
08487
02448
08509
08350
08456
03309
08395
01100
00361
00381
00039
00380
00627
00274
00682
00698
00162
03886
00204
00386
08078
00696
00751
00759
00724
00702
00692
00686
00643
02383
01207
01073
01070
01043
08025
01236
01079
08010
08003
00758
00599
00555
00399
00365
00339
00335
00188
00111
00015
00007
00764
00768
00859
00922
00927
00969
00997
00747
00694
08008
00762
00857
00966
08088
00550
08048
02008
08136
08130
08143
08150
08188AA
08202
08206
08271
01025
01002
01076
01094
01126
01140
01142
01149
01161
01198
01213
01217
01226
01227
01228
02302
02309
02310
02312
02317
02320
02322
02323
02326
02336
02340
02368
00646
00653
00690
00699AA
00703
00728
00739
00766
00809
00810
00812
00850
00856
00860
00861
00885
00888
00889
00901
00909
00912
00915
00928
00931
00009
00064
00100
00130
00169
00197
00209
00221
00223
00228
00248
00264
00290
00309
00318
00329
00346
00356
00362
00364
00379
00387
00395
00565
00572
00582
00607
00612
00628
00629
02389
02668
02882
02883
02898
00827
08051
08079
08085
00883
00821
02600
08159
00157
08100
02868
02349
00980
02355
02342
02348
00183
00737
02698
02314
02339
02327
01211
00775
02357
00589
08249
02328
00836
08243
02888
08156
00587
00357
02683
02341
02356
01175
01116
00733
00745
00763
00904
00077
00319
00331AA
00597
01727
01103
03333AA
01919
03328
00462
00483
00464
00482
00838
02889
02028
00471
03344
03389
00503AA
00496
02678
02866
08115
08203
08250
00509
00872
00833
02728
02333
02628
02899
02337AA
02338
00581
08282AA
00981
02300
02878
00568
00299
02319
01212
02633AA
00700
02331
02318
02366
02343
02358
00311
02307
02379
02380
01194
00906AA
00929
02369
02371
02877
02387
00753
01000
00999
02038
00438
02727
00828
00868
00360
00416AA
01088
02000
03300
02777
02018
00423
08233
00426
00444
01068
00536
00939
03366
03399
03336
00359
03335
01888
00515
00813
01886
01833
01883
00717
00549
00667
03989
00789
00098
00151
00757
00505
02313
02398
03888
03998
01828
00285
00117
00095
03368
00531
03339
00489
00425
02662
03398
02088
03318
02005
03383
03393
03378
03330
00919
02788
02689
03323
03308
00707
00402
02345
02880
02626
03355
03382
00527
00352
01880
00822
03900
03322
03303
03968
00814
03983
02700
00272
00637
00320
00337
00558
03918
01398
00609
01818
00477
00552
00528
02006
01800
01868
01388
02007
00475
01898
01899
03993
03898
01389AA
01399
00998
00469
01808
01882
01382
00811
00602
01386
03313AA
01991
00546
01889
00819
02382
03933
01383
00573
01813
00658
03938
01838
01862AA
00606
00722AA
01836
01155
00538
01997AA
03331
02020
00825
00569
00656
01832
00826
00817
03823
03889
01393
03838
03377
03868
03999
00410
03883
03828
03833
01688
03800
00672
00368
00033
03808
00390
00189
02002
03337
00220
00066
00543
00422
00556
01893
00196
01186
00708
00848
00743
01368
00839
02722
00832
00800
00968AA
03813
00873
02208
02128
01128
02168
00712
01628
00389
01928
01638
00947
03333
01812
00623
00951
00976
02118
00936
00853
00867
00926
01308
01021
00975
01029
00580
00880
00756
00982
00963
00195
00705
00852
00841
01008
00067
00396
00072
01099
01007
01117
01831
01768
01555
01798
01085
02011
00486
01878
01966
01863
01938
01683AB
00948
00830
01999
02222
02268
03818
03988
00598
00773
00449
00866
01338
00090
01361
02009
01234
00633
02288
01668
01313
00845
01618
01968
00893
01717
01238
00829
00891
01318
00846
00906
00591
00960
00465
00930
01988
00887
00691
00631
01777
00246
00750
01387
01766
01822
00794
00916
00331AB
00886
00837
00955
00946
01240
01333
00923
00877
00973
00953
02010
01006
01823
01080
01998
00881
00503
01280
01420
01728
00468
02601
00327
01157
02188
02228
01282
00325
01112
01788
01020
03618
00640
01089
01288
01900
01019
02233
02468
01733
03683
02266AD
00956
01682
01698
01633AB
02198
01428
01918
01039
01685
01700
00460
01299
01230
00238
01600
00842
01087
01091
01101
01086
01110
01090
02099
01417
01323
01241
03777
00871
02282
02083
00805
01011
01143
01121
01378
01380
03688
03363
01623
01181
03360
02607
02299
02789
01150
00935
02098
01312
01210
01266
02012
01699
01277
01322
01329
01366
03669
03663
03666
02068
01237
01332
01616
00958
01910
01913
02200
01082
01115
01146
01231
02123
03948
06889
02196
00884
02223
01030
00564
02236
00815
03836
01127
06838
01663
01028
01096
03788
01206
01152
01302
01269
00844
06823
01023
01262
01293
02133
01929
01296
01830
01252
01251
01263
01303
01258
00816
01259
06828
03939
06808
01335
01165
01190
06868
06030
01239
03816
01314
01235
01339
06880
02121
01829
00540
00579
03778
01336
01232
01348
01300
01803
06830
01315
01281
01319
02178
01148
01260
03668
02078
02033
01613
06837
01522
00695
06881
02623
01369
01270
02386
02025
06863
01107
01363
01661
06898
02112
06888
01515
03386
00153
01345
00434
01255
01271
01250
01297
01680
01246
02023
02030
01290
01316
00484
02393
01373
01219
02183
01273
02211
03369
03315
01268
01884
03608
01370
01431
03623
03698
01358
01360
01963
01862
01396
01359
01689
02213
01372
01233
00636
01390
08501
03738
08506
03380
01421
01678
06818
03313
01819
01448
00586
01681
02283
08043
02139
01990
01097
03903
08513
01665
01730
01789
08287
08485
08422
00784
02708
03878
08419
02022
08377
01722
08385
06090
02227
01475
01337
08429
01697
08406
08495
02232
01710
08402AA
08402
08373
03358
08118
02858
01975
08376
08400
01706
08426
00772
08375
01997
02122
08289
06080
01720
06885
01625
08436
08470
08476
06060
08430
08457
01651
02225
08480
08275
08065
08392
02337
08437
01707
01696
08445
08199
08491
03830
08383
01552
01216
01649
02863
01693
06088
01571
08142
08073
03848
08471
08152
08465
08427
08472
08291
01676
01551
08481
08462
00994
08257
08406AA
08463
08405
06113
01962
01702
01695
01932
08157
08469
03682
08276
08362
08460
01679
02269
01630
08420
08446
03329
06038
08183
08365
08431
01257
08452
01655
02611
03768
08252
02017
01647
01569
02001
08410
08409
08413
08309
08347
08455
03869
08412
01667
08157AB
02281
08439
08183AB
08431AA
06169
08442
08421
08425
08423
03395
08013
01985
01660
08297
01989
08188
06068
01627
08417
08428
01518
02266
03789
08370
06122
08341
08349
08415
08069
01656
01575
08416
01536
08432
01580
08358
08221
06066
08091
01581
01635
01637
08343
01596
08352
08353
01357
08062
08342
01272
08039
01617
08308
08411
01633
03689
08278
08160
01458
01632
01285
01811
08222
06116
03822
06893
01462
08363
01347
08195
06118
01289
01305
01443
06882
01317
01478
01022
06869
01480
01816
01669
01438
00520
01958
08267
03699AE
02066
02277
01381
01035
08268
02212
06866
06161
01362
06822
01993
08067
03708
01327
08238
01027
08093
01858
01430
00442
01310
01566
01460
01539
03606
01415
01245
01776
01500
06826
01470
06839
01301
08355
06886
08121
08097
08038
01530
06183
00574
02686
01528
03396
06133
02193
03882
02286
01461
01456
01986
02699
02666
06836
01509
01498
06896
03737
08027
08361
03969
01718
01499
01683
00974
08177
08245
01970
02199
01527
08127
08057
01532
01533
01476
08122
08327
01508
02799
03908
01495
01556
01452
02120
03799
08368
01538
06865
01561
00722
01492
03866
00416
00331
03996
01447
01979
01341
02289
03600
01786
01197
01662
06196
01543
01568
01558
03678
01548
01799
08331
08230
03326
03773
01459
01565
08113
03301
08282
03963
06186
08345
08070
02768
06833
02138
01557
01578
02016
02239
01419
08262
08318
01496
01469
01243
08319
01982
08251
08359
02738
08346
03626
01585
02588
08161
08280
03958
01549
08102
01606
02869
08328
01586
08229
08360
01579
02278
01612
08333
01523
08281
01589
01560
08232
06816
01573
08293
08056
02031
08300
06178
03893
02633
01591
01658
01577
06858
01526
02166
06099
01547
08023
08149
08407
08320
01609
02113
08035
08240
08052
03320
01610
03686
01629
06163
01608
03306
01611
01572
06189
08315
06166
02221
00699
01395
01439
01353
01885
08001
03332
01247
01389
02080
02638
02226
01622
01636
01340
03636
02608
01771
02255
00798
06138
02100
01400
00288
06199
01397
02111
02303
06198
02014
01619
01330
01375
06128
02298
02229
01588
01778
01626
03709
00911
03639
01321
06899
06139
06136
01446
02329
01450
01599
06188
01980
02186
08147
02399
06123
08216
01848
01432
01856
01418
01367
01253
08125
00400
01365
08283
08321
08231
08248
02136
01583
08292
08335
08187
08217
01570
08012
08196
08182
08366
02669
08290
08141
08369
01169
01170
01171
01172
01173
01174
01176
01180
01182
01184
01185
01187
01188
01189
01191
01192
01193
01196
01199
01200
01201
01202
01203
01205
01208
01215
01218
01220
01221
01222
01223
01224
01225
01229
00603
00989
00990
00991
00992
00993
00995
00996
01001
01003
01004
01005
01010
01013
01031
01033
01036
01037
01038
01041
01044
01045
01047
01049
01050
01051
01052
01053
01055
01058
01059
01060
01063
01064
01065
01071
01072
01093
01098
01104
01105
01108
01109
01111
01114
01118
01120
01122
01123
01124
01125
01130
01131
01132
01133
01135
01136
01137
01138
01139
01141
01159
01163
01166
01168
00720
00723
00725
00726
00727
00729
00731
00732
00735
00738
00752
00754
00755
00760
00761
00765
00767
00769
00770
00771
00818
00835
00851
00855
00858
00862
00874
00875
00876
00878
00882
00894
00897
00898
00899
00900
00902
00903
00905
00907
00908
00910
00913
00914
00918
00921
00925
00933
00934
00938
00941
00943
00945
00952
00959
00970
00978
00979
00983
00984
00985
00986
00987
00988
00583
00585
00588
00590
00595
00600
00601
00604
00605
00610
00611
00613
00616
00617
00618
00619
00620
00621
00622
00626
00630
00635
00638
00639
00641
00645
00648
00650
00651
00655
00657
00659
00660
00661
00662
00663
00665
00669
00670
00673
00674
00675
00676
00677
00679
00680
00681
00683
00684
00685
00688
00689
00693
00697
00704
00706
00709
00710
00711
00713
00715
00716
00718
00719
00340
00342
00345
00347
00348
00350
00351
00358
00363
00370
00371
00372
00377
00382
00383
00384
00385
00391
00392
00393
00397
00398
00403
00404
00406
00408
00412
00418
00428
00431
00432
00439
00450
00451
00455
00467
00476
00479
00491
00493
00494
00497
00498
00512
00517
00525
00526
00529
00530
00533
00539
00547
00548
00551
00553
00554
00559
00560
00563
00566
00570
00575
00577
00578
00008
00027
00030
00034
00038
00042
00046
00052
00055
00057
00058
00059
00060
00061
00069
00079
00082
00085
00092
00093
00102
00107
00109
00123
00124
00125
00126
00133
00136
00137
00139
00143
00148
00161
00166
00170
00176
00177
00178
00180
00182
00187
00199
00208
00210
00211
00232
00255
00259
00262
00297
00306
00308
00313
00315
00321
00322
00326
00328
00330
00332
00333
00334
00336
08316
00847
03839
01113
01145
08133
01559
01466
08277
03928
08139
08307
08170
00457
01249
08059
08162
00787
08237
02202
08336
01738
08311
06108
08101
03899
00576
00510
01513
01151
01298
00864
01488
00401
00940
01048
00968
00854
06813
06883
00834
01278
00967
02238
02378
01972
01866
00073
00802
02039
08191
01486
01040
01483
06878
08255
01520
00799
08326
08181
08218
00932
08018
03638
08135
08310
01337AD
08077
08201
00288AB
08145
01356
08138
01673
08260
08072
01162
01156
00394
01887
01283
01095
01028AB
00977
00067AB
00749AA
00633AA
01863AA
00301
03332AA
00453
01147
01306
01167
00957
01046
01908
00215
02362
01083
01177
01164
01326
08207
08269
08356
08295
08351
08296
02330
01195
00268
01178
01129
08166
00917
00896
03633
08033
08026
08019
00746
00721
00678
00388
00353
01468
03966
08261
06168
08030
00863
08242
08031
08090
08246
08215
03628
08112
08020
01355
08179
08193
08132
00312
08087
08098
08265
00080
08312
00048
08337
01069
08325
00190
00869
00502
08007
02086
01328
08340
00777
08348
00806
08081
08041
08200
08021
08117
08066
08076
00801
08089
08186
01371
00436
08137
01026
08047
08082
08128
08165
08169
08055
08063
08029
00865
08006
08016
08005
08056AA
08032
08028
02886
08111
08061
08108
08116
08009
08050
01009
08086
08017
08103
08083
08226
08229AA
08171
08167
08057AA
08080
00831
08131
08039AA
08092
08071
00459
08153
08120
08129
08075
08043AA
00445
08228
01061
08158
08119
00803
08022
00065
08123
08109
08220
08190
08176
08239
08096
08163
08060
01186AA
08192
02688
08173
08256
08212
08270
08198
08126
00950
08011
08155
08225
02324
08272
08262AA
01106
02280
00110
00354
08266
08046
08148
08279
08213
08175
01102
08037
01160
08306
08053
08299
02332
00839AA
08317
08172
00474
08253
01349
01057
00840
08247
01292
08058
02618
03311
00206
01075
08227
08095
01385
08106
08135AA
00596
08178
08189
02488
08197
01066
08205
00954
08211
00895
08235
08236
08258
02218
08273
02308
08286
01708
01265
01639
08301
08329
00096
00776
01666
08067AA
08049
08045
02388
00192
00712AA
